# JRE version: OpenJDK Runtime Environment Temurin-21+35-202309042131 (21.0+35) (build 21-beta+35-ea)
# Java VM: OpenJDK 64-Bit Server VM Temurin-21+35-202309042131 (21-beta+35-ea, mixed mode, emulated-client, sharing, tiered, compressed oops, compressed class ptrs, g1 gc, windows-amd64)
GC Precious Log:
 CardTable entry size: 512
 Card Set container configuration: InlinePtr #cards 5 size 8 Array Of Cards #cards 12 size 40 Howl #buckets 4 coarsen threshold 1843 Howl Bitmap #cards 512 size 80 coarsen threshold 460 Card regions per heap region 1 cards per card region 2048
 CPUs: 8 total, 8 available
 Memory: 7914M
 Large Page Support: Disabled
 NUMA Support: Disabled
 Compressed Oops: Enabled (32-bit)
 Heap Region Size: 1M
 Heap Min Capacity: 8M
 Heap Initial Capacity: 124M
 Heap Max Capacity: 1980M
 Pre-touch: Disabled
 Parallel Workers: 8
 Concurrent Workers: 2
 Concurrent Refinement Workers: 8
 Periodic GC: Disabled
Heap:
 garbage-first heap   total 135168K, used 86413K [0x0000000084400000, 0x0000000100000000)
  region size 1024K, 48 young (49152K), 6 survivors (6144K)
 Metaspace       used 64164K, committed 65088K, reserved 1114112K
  class space    used 8366K, committed 8832K, reserved 1048576K
GC Heap History (20 events):
Event: 684.412 GC heap before
{Heap before GC invocations=35 (full 1):
 garbage-first heap   total 109568K, used 98792K [0x0000000084400000, 0x0000000100000000)
  region size 1024K, 62 young (63488K), 2 survivors (2048K)
 Metaspace       used 63330K, committed 64256K, reserved 1114112K
  class space    used 8251K, committed 8768K, reserved 1048576K
}
Event: 684.416 GC heap after
{Heap after GC invocations=36 (full 1):
 garbage-first heap   total 109568K, used 39697K [0x0000000084400000, 0x0000000100000000)
  region size 1024K, 4 young (4096K), 4 survivors (4096K)
 Metaspace       used 63330K, committed 64256K, reserved 1114112K
  class space    used 8251K, committed 8768K, reserved 1048576K
}
Event: 684.506 GC heap before
{Heap before GC invocations=36 (full 1):
 garbage-first heap   total 109568K, used 96017K [0x0000000084400000, 0x0000000100000000)
  region size 1024K, 60 young (61440K), 4 survivors (4096K)
 Metaspace       used 63344K, committed 64256K, reserved 1114112K
  class space    used 8254K, committed 8768K, reserved 1048576K
}
Event: 684.514 GC heap after
{Heap after GC invocations=37 (full 1):
 garbage-first heap   total 112640K, used 49349K [0x0000000084400000, 0x0000000100000000)
  region size 1024K, 8 young (8192K), 8 survivors (8192K)
 Metaspace       used 63344K, committed 64256K, reserved 1114112K
  class space    used 8254K, committed 8768K, reserved 1048576K
}
Event: 684.643 GC heap before
{Heap before GC invocations=38 (full 1):
 garbage-first heap   total 112640K, used 95429K [0x0000000084400000, 0x0000000100000000)
  region size 1024K, 54 young (55296K), 8 survivors (8192K)
 Metaspace       used 63352K, committed 64256K, reserved 1114112K
  class space    used 8257K, committed 8768K, reserved 1048576K
}
Event: 684.647 GC heap after
{Heap after GC invocations=39 (full 1):
 garbage-first heap   total 112640K, used 49788K [0x0000000084400000, 0x0000000100000000)
  region size 1024K, 2 young (2048K), 2 survivors (2048K)
 Metaspace       used 63352K, committed 64256K, reserved 1114112K
  class space    used 8257K, committed 8768K, reserved 1048576K
}
Event: 684.838 GC heap before
{Heap before GC invocations=39 (full 1):
 garbage-first heap   total 112640K, used 98940K [0x0000000084400000, 0x0000000100000000)
  region size 1024K, 50 young (51200K), 2 survivors (2048K)
 Metaspace       used 63387K, committed 64320K, reserved 1114112K
  class space    used 8266K, committed 8768K, reserved 1048576K
}
Event: 684.841 GC heap after
{Heap after GC invocations=40 (full 1):
 garbage-first heap   total 135168K, used 49793K [0x0000000084400000, 0x0000000100000000)
  region size 1024K, 2 young (2048K), 2 survivors (2048K)
 Metaspace       used 63387K, committed 64320K, reserved 1114112K
  class space    used 8266K, committed 8768K, reserved 1048576K
}
Event: 685.098 GC heap before
{Heap before GC invocations=40 (full 1):
 garbage-first heap   total 135168K, used 121473K [0x0000000084400000, 0x0000000100000000)
  region size 1024K, 72 young (73728K), 2 survivors (2048K)
 Metaspace       used 63488K, committed 64384K, reserved 1114112K
  class space    used 8289K, committed 8768K, reserved 1048576K
}
Event: 685.102 GC heap after
{Heap after GC invocations=41 (full 1):
 garbage-first heap   total 135168K, used 52611K [0x0000000084400000, 0x0000000100000000)
  region size 1024K, 5 young (5120K), 5 survivors (5120K)
 Metaspace       used 63488K, committed 64384K, reserved 1114112K
  class space    used 8289K, committed 8768K, reserved 1048576K
}
Event: 3421.957 GC heap before
{Heap before GC invocations=41 (full 1):
 garbage-first heap   total 135168K, used 120195K [0x0000000084400000, 0x0000000100000000)
  region size 1024K, 71 young (72704K), 5 survivors (5120K)
 Metaspace       used 63543K, committed 64448K, reserved 1114112K
  class space    used 8299K, committed 8768K, reserved 1048576K
}
Event: 3421.964 GC heap after
{Heap after GC invocations=42 (full 1):
 garbage-first heap   total 135168K, used 53834K [0x0000000084400000, 0x0000000100000000)
  region size 1024K, 6 young (6144K), 6 survivors (6144K)
 Metaspace       used 63543K, committed 64448K, reserved 1114112K
  class space    used 8299K, committed 8768K, reserved 1048576K
}
Event: 3623.303 GC heap before
{Heap before GC invocations=42 (full 1):
 garbage-first heap   total 135168K, used 119370K [0x0000000084400000, 0x0000000100000000)
  region size 1024K, 70 young (71680K), 6 survivors (6144K)
 Metaspace       used 64163K, committed 65088K, reserved 1114112K
  class space    used 8401K, committed 8832K, reserved 1048576K
}
Event: 3623.310 GC heap after
{Heap after GC invocations=43 (full 1):
 garbage-first heap   total 135168K, used 56938K [0x0000000084400000, 0x0000000100000000)
  region size 1024K, 8 young (8192K), 8 survivors (8192K)
 Metaspace       used 64163K, committed 65088K, reserved 1114112K
  class space    used 8401K, committed 8832K, reserved 1048576K
}
Event: 4232.163 GC heap before
{Heap before GC invocations=44 (full 1):
 garbage-first heap   total 135168K, used 116330K [0x0000000084400000, 0x0000000100000000)
  region size 1024K, 66 young (67584K), 8 survivors (8192K)
 Metaspace       used 63957K, committed 65088K, reserved 1114112K
  class space    used 8357K, committed 8832K, reserved 1048576K
}
Event: 4232.168 GC heap after
{Heap after GC invocations=45 (full 1):
 garbage-first heap   total 135168K, used 55777K [0x0000000084400000, 0x0000000100000000)
  region size 1024K, 4 young (4096K), 4 survivors (4096K)
 Metaspace       used 63957K, committed 65088K, reserved 1114112K
  class space    used 8357K, committed 8832K, reserved 1048576K
}
Event: 4525.487 GC heap before
{Heap before GC invocations=45 (full 1):
 garbage-first heap   total 135168K, used 86497K [0x0000000084400000, 0x0000000100000000)
  region size 1024K, 35 young (35840K), 4 survivors (4096K)
 Metaspace       used 64036K, committed 65088K, reserved 1114112K
  class space    used 8371K, committed 8832K, reserved 1048576K
}
Event: 4525.807 GC heap after
{Heap after GC invocations=46 (full 2):
 garbage-first heap   total 135168K, used 38840K [0x0000000084400000, 0x0000000100000000)
  region size 1024K, 0 young (0K), 0 survivors (0K)
 Metaspace       used 63731K, committed 65088K, reserved 1114112K
  class space    used 8298K, committed 8832K, reserved 1048576K
}
Event: 4528.484 GC heap before
{Heap before GC invocations=46 (full 2):
 garbage-first heap   total 135168K, used 119736K [0x0000000084400000, 0x0000000100000000)
  region size 1024K, 79 young (80896K), 0 survivors (0K)
 Metaspace       used 64043K, committed 65088K, reserved 1114112K
  class space    used 8351K, committed 8832K, reserved 1048576K
}
Event: 4528.491 GC heap after
{Heap after GC invocations=47 (full 2):
 garbage-first heap   total 135168K, used 44429K [0x0000000084400000, 0x0000000100000000)
  region size 1024K, 6 young (6144K), 6 survivors (6144K)
 Metaspace       used 64043K, committed 65088K, reserved 1114112K
  class space    used 8351K, committed 8832K, reserved 1048576K
}

